<?xml version="1.0" encoding="UTF-8"?>
<!-- Generated by org.testng.reporters.JUnitReportReporter -->
<testsuite hostname="LAPTOP-P5UBFOO4" failures="0" tests="4" name="selenium_tests.ReplaiWebpageTests" time="35.253" errors="0" timestamp="2022-07-07T14:40:38 WEST" skipped="0">
  <testcase classname="selenium_tests.ReplaiWebpageTests" name="replaiMenuTest" time="22.437"/>
  <system-out/>
  <testcase classname="selenium_tests.ReplaiWebpageTests" name="replaiFaqSectionTest" time="6.630"/>
  <system-out/>
  <testcase classname="selenium_tests.ReplaiWebpageTests" name="replaiVideoSectionTest" time="3.698"/>
  <system-out/>
  <testcase classname="selenium_tests.ReplaiWebpageTests" name="replaiGeneralTest" time="2.488"/>
  <system-out/>
</testsuite> <!-- selenium_tests.ReplaiWebpageTests -->
